This is pdfeTeX, Version 3.141592-1.30.4-2.2 (Web2C 7.5.5) (format=pdflatex 2006.6.8)  20 OCT 2006 15:26
entering extended mode
\write18 enabled.
**victorwu-chapter2.tex
(./victorwu-chapter2.tex
LaTeX2e <2005/12/01>
Babel <v3.8d> and hyphenation patterns for american, french, german, ngerman, d
utch, italian, norsk, portuges, spanish, swedish, nohyphenation, loaded.
! Undefined control sequence.
l.1 \chapter
            {Single Path Relay Network}
? 
! Emergency stop.
l.1 \chapter
            {Single Path Relay Network}
End of file on the terminal!

 
Here is how much of TeX's memory you used:
 5 strings out of 95125
 163 string characters out of 1182970
 2045247 words of memory out of 4500000
 3264 multiletter control sequences out of 10000+50000
 3640 words of font info for 14 fonts, out of 2000000 for 2000
 58 hyphenation exceptions out of 5000
 5i,0n,1p,59b,8s stack positions out of 5000i,500n,6000p,200000b,40000s
PDF statistics:
 0 PDF objects out of 300000
 0 named destinations out of 131072
 1 words of extra memory for PDF output out of 10000
No pages of output.
