This is pdfeTeX, Version 3.141592-1.30.4-2.2 (Web2C 7.5.5) (format=latex 2006.6.8)  9 NOV 2006 15:11
entering extended mode
**victorwu.tex
(./victorwu.tex
LaTeX2e <2005/12/01>
Babel <v3.8d> and hyphenation patterns for american, french, german, ngerman, d
utch, italian, norsk, portuges, spanish, swedish, nohyphenation, loaded.
(./gatech-thesis.cls
Document Class: gatech-thesis 2003/04/14 1.6 (Charles Wilson)
(/usr/local/teTeX/share/texmf.local/tex/latex/tools/calc.sty
Package: calc 2005/08/06 v4.2 Infix arithmetic (KKT,FJ)
\calc@Acount=\count79
\calc@Bcount=\count80
\calc@Adimen=\dimen102
\calc@Bdimen=\dimen103
\calc@Askip=\skip41
\calc@Bskip=\skip42
LaTeX Info: Redefining \setlength on input line 75.
LaTeX Info: Redefining \addtolength on input line 76.
\calc@Ccount=\count81
\calc@Cskip=\skip43
)
(/usr/local/teTeX/share/texmf.local/tex/latex/base/report.cls
Document Class: report 2005/09/16 v1.4f Standard LaTeX document class
(/usr/local/teTeX/share/texmf.local/tex/latex/base/size11.clo
File: size11.clo 2005/09/16 v1.4f Standard LaTeX file (size option)
)
\c@part=\count82
\c@chapter=\count83
\c@section=\count84
\c@subsection=\count85
\c@subsubsection=\count86
\c@paragraph=\count87
\c@subparagraph=\count88
\c@figure=\count89
\c@table=\count90
\abovecaptionskip=\skip44
\belowcaptionskip=\skip45
\bibindent=\dimen104
)
\signature@width=\skip46
\c@signatures=\count91
\c@cnt@Lsig=\count92
\c@cnt@Rsig=\count93
\gt@tocentryskip@value=\skip47
\gt@beforepartskip@value=\skip48
\gt@beforechapskip@value=\skip49
\gt@beforesecskip@value=\skip50
\gt@beforesubsecskip@value=\skip51
\gt@beforesubsubsecskip@value=\skip52
\gt@beforeparaskip@value=\skip53
\gt@beforesubparaskip@value=\skip54
\gt@beforefigskip@value=\skip55
\gt@beforetableskip@value=\skip56
\gt@tmpa=\skip57
\c@part@savepagenum=\count94
\c@part@pagenum=\count95

(./gatech-thesis-patch.sty
File: gatech-thesis-patch.sty 2003/04/14 1.6a (Charles Wilson)

gatech-thesis-patch loaded
)) (/usr/local/teTeX/share/texmf.local/tex/latex/graphics/graphicx.sty
Package: graphicx 1999/02/16 v1.0f Enhanced LaTeX Graphics (DPC,SPQR)

(/usr/local/teTeX/share/texmf.local/tex/latex/graphics/keyval.sty
Package: keyval 1999/03/16 v1.13 key=value parser (DPC)
\KV@toks@=\toks14
)
(/usr/local/teTeX/share/texmf.local/tex/latex/graphics/graphics.sty
Package: graphics 2006/02/20 v1.0o Standard LaTeX Graphics (DPC,SPQR)

(/usr/local/teTeX/share/texmf.local/tex/latex/graphics/trig.sty
Package: trig 1999/03/16 v1.09 sin cos tan (DPC)
)
(/usr/local/teTeX/share/texmf.tetex/tex/latex/graphics/graphics.cfg
File: graphics.cfg 2005/02/03 v1.3 graphics configuration of teTeX/TeXLive
)
Package graphics Info: Driver file: dvips.def on input line 90.

(/usr/local/teTeX/share/texmf.local/tex/latex/graphics/dvips.def
File: dvips.def 1999/02/16 v3.0i Driver-dependant file (DPC,SPQR)
))
\Gin@req@height=\dimen105
\Gin@req@width=\dimen106
)
(/usr/local/teTeX/share/texmf.tetex/tex/latex/subfigure/subfigure.sty
Package: subfigure 2002/07/30 v2.1.4 subfigure package
\subfigtopskip=\skip58
\subfigcapskip=\skip59
\subfigcaptopadj=\dimen107
\subfigbottomskip=\skip60
\subfigcapmargin=\dimen108
\subfiglabelskip=\skip61
\c@subfigure=\count96
\c@lofdepth=\count97
\c@subtable=\count98
\c@lotdepth=\count99

****************************************
* Local config file subfigure.cfg used *
****************************************
(/usr/local/teTeX/share/texmf.tetex/tex/latex/subfigure/subfigure.cfg)
\subfig@top=\skip62
\subfig@bottom=\skip63
)
(/usr/local/teTeX/share/texmf.tetex/tex/latex/psfrag/psfrag.sty
Package: psfrag 1998/04/11 v3.04 PSfrag (MCG)
\pfg@pcount=\count100
\pfg@scount=\count101
\pfg@temp=\write3
)
(./victorwu.aux

LaTeX Warning: Label `' multiply defined.


LaTeX Warning: Label `' multiply defined.


LaTeX Warning: Label `sub@' multiply defined.


LaTeX Warning: Label `' multiply defined.


LaTeX Warning: Label `sub@' multiply defined.


LaTeX Warning: Label `' multiply defined.


LaTeX Warning: Label `sub@' multiply defined.


LaTeX Warning: Label `' multiply defined.


LaTeX Warning: Label `sub@' multiply defined.


LaTeX Warning: Label `' multiply defined.


LaTeX Warning: Label `sub@' multiply defined.


LaTeX Warning: Label `' multiply defined.


LaTeX Warning: Label `sub@' multiply defined.


LaTeX Warning: Label `' multiply defined.


LaTeX Warning: Label `sub@' multiply defined.


LaTeX Warning: Label `' multiply defined.


LaTeX Warning: Label `sub@' multiply defined.


LaTeX Warning: Label `' multiply defined.


LaTeX Warning: Label `sub@' multiply defined.


LaTeX Warning: Label `' multiply defined.


LaTeX Warning: Label `sub@' multiply defined.


LaTeX Warning: Label `' multiply defined.


LaTeX Warning: Label `sub@' multiply defined.


LaTeX Warning: Label `' multiply defined.


LaTeX Warning: Label `sub@' multiply defined.


LaTeX Warning: Label `' multiply defined.


LaTeX Warning: Label `sub@' multiply defined.


LaTeX Warning: Label `' multiply defined.


LaTeX Warning: Label `sub@' multiply defined.


LaTeX Warning: Label `' multiply defined.


LaTeX Warning: Label `sub@' multiply defined.


LaTeX Warning: Label `' multiply defined.


LaTeX Warning: Label `sub@' multiply defined.


LaTeX Warning: Label `' multiply defined.


LaTeX Warning: Label `sub@' multiply defined.


LaTeX Warning: Label `' multiply defined.


LaTeX Warning: Label `sub@' multiply defined.


LaTeX Warning: Label `' multiply defined.


LaTeX Warning: Label `sub@' multiply defined.


LaTeX Warning: Label `' multiply defined.


LaTeX Warning: Label `sub@' multiply defined.


LaTeX Warning: Label `' multiply defined.


LaTeX Warning: Label `sub@' multiply defined.


LaTeX Warning: Label `' multiply defined.


LaTeX Warning: Label `sub@' multiply defined.


LaTeX Warning: Label `' multiply defined.


LaTeX Warning: Label `sub@' multiply defined.


LaTeX Warning: Label `' multiply defined.


LaTeX Warning: Label `sub@' multiply defined.


LaTeX Warning: Label `' multiply defined.


LaTeX Warning: Label `sub@' multiply defined.


LaTeX Warning: Label `' multiply defined.


LaTeX Warning: Label `sub@' multiply defined.


LaTeX Warning: Label `' multiply defined.


LaTeX Warning: Label `sub@' multiply defined.


LaTeX Warning: Label `' multiply defined.


LaTeX Warning: Label `sub@' multiply defined.


LaTeX Warning: Label `' multiply defined.


LaTeX Warning: Label `sub@' multiply defined.


LaTeX Warning: Label `' multiply defined.


LaTeX Warning: Label `sub@' multiply defined.


LaTeX Warning: Label `' multiply defined.


LaTeX Warning: Label `sub@' multiply defined.


LaTeX Warning: Label `' multiply defined.


LaTeX Warning: Label `sub@' multiply defined.


LaTeX Warning: Label `' multiply defined.


LaTeX Warning: Label `sub@' multiply defined.


LaTeX Warning: Label `' multiply defined.


LaTeX Warning: Label `sub@' multiply defined.


LaTeX Warning: Label `' multiply defined.


LaTeX Warning: Label `sub@' multiply defined.


LaTeX Warning: Label `' multiply defined.


LaTeX Warning: Label `sub@' multiply defined.


LaTeX Warning: Label `' multiply defined.


LaTeX Warning: Label `sub@' multiply defined.


LaTeX Warning: Label `' multiply defined.


LaTeX Warning: Label `sub@' multiply defined.


LaTeX Warning: Label `' multiply defined.


LaTeX Warning: Label `sub@' multiply defined.


LaTeX Warning: Label `' multiply defined.


LaTeX Warning: Label `sub@' multiply defined.


LaTeX Warning: Label `' multiply defined.


LaTeX Warning: Label `sub@' multiply defined.


LaTeX Warning: Label `' multiply defined.


LaTeX Warning: Label `sub@' multiply defined.


LaTeX Warning: Label `' multiply defined.


LaTeX Warning: Label `sub@' multiply defined.


LaTeX Warning: Label `' multiply defined.


LaTeX Warning: Label `sub@' multiply defined.


LaTeX Warning: Label `' multiply defined.


LaTeX Warning: Label `sub@' multiply defined.


LaTeX Warning: Label `' multiply defined.


LaTeX Warning: Label `sub@' multiply defined.


LaTeX Warning: Label `' multiply defined.


LaTeX Warning: Label `sub@' multiply defined.


LaTeX Warning: Label `' multiply defined.


LaTeX Warning: Label `sub@' multiply defined.


LaTeX Warning: Label `' multiply defined.


LaTeX Warning: Label `sub@' multiply defined.


LaTeX Warning: Label `' multiply defined.


LaTeX Warning: Label `sub@' multiply defined.


LaTeX Warning: Label `' multiply defined.


LaTeX Warning: Label `sub@' multiply defined.


LaTeX Warning: Label `' multiply defined.


LaTeX Warning: Label `' multiply defined.


LaTeX Warning: Label `' multiply defined.


LaTeX Warning: Label `' multiply defined.


LaTeX Warning: Label `sub@' multiply defined.


LaTeX Warning: Label `' multiply defined.


LaTeX Warning: Label `sub@' multiply defined.


LaTeX Warning: Label `' multiply defined.


LaTeX Warning: Label `sub@' multiply defined.


LaTeX Warning: Label `' multiply defined.


LaTeX Warning: Label `sub@' multiply defined.


LaTeX Warning: Label `' multiply defined.


LaTeX Warning: Label `sub@' multiply defined.


LaTeX Warning: Label `' multiply defined.


LaTeX Warning: Label `sub@' multiply defined.


LaTeX Warning: Label `' multiply defined.


LaTeX Warning: Label `sub@' multiply defined.


LaTeX Warning: Label `' multiply defined.


LaTeX Warning: Label `sub@' multiply defined.


LaTeX Warning: Label `' multiply defined.


LaTeX Warning: Label `sub@' multiply defined.


LaTeX Warning: Label `' multiply defined.


LaTeX Warning: Label `sub@' multiply defined.


LaTeX Warning: Label `' multiply defined.


LaTeX Warning: Label `sub@' multiply defined.


LaTeX Warning: Label `' multiply defined.


LaTeX Warning: Label `sub@' multiply defined.


LaTeX Warning: Label `' multiply defined.


LaTeX Warning: Label `sub@' multiply defined.


LaTeX Warning: Label `' multiply defined.


LaTeX Warning: Label `sub@' multiply defined.


LaTeX Warning: Label `' multiply defined.


LaTeX Warning: Label `sub@' multiply defined.


LaTeX Warning: Label `' multiply defined.


LaTeX Warning: Label `sub@' multiply defined.


LaTeX Warning: Label `' multiply defined.


LaTeX Warning: Label `sub@' multiply defined.


LaTeX Warning: Label `' multiply defined.


LaTeX Warning: Label `sub@' multiply defined.


LaTeX Warning: Label `' multiply defined.


LaTeX Warning: Label `sub@' multiply defined.


LaTeX Warning: Label `' multiply defined.


LaTeX Warning: Label `sub@' multiply defined.


LaTeX Warning: Label `' multiply defined.


LaTeX Warning: Label `sub@' multiply defined.


LaTeX Warning: Label `' multiply defined.


LaTeX Warning: Label `sub@' multiply defined.


LaTeX Warning: Label `' multiply defined.


LaTeX Warning: Label `sub@' multiply defined.


LaTeX Warning: Label `' multiply defined.


LaTeX Warning: Label `sub@' multiply defined.


LaTeX Warning: Label `' multiply defined.


LaTeX Warning: Label `sub@' multiply defined.


LaTeX Warning: Label `' multiply defined.


LaTeX Warning: Label `sub@' multiply defined.


LaTeX Warning: Label `' multiply defined.


LaTeX Warning: Label `sub@' multiply defined.


LaTeX Warning: Label `' multiply defined.


LaTeX Warning: Label `sub@' multiply defined.


LaTeX Warning: Label `' multiply defined.


LaTeX Warning: Label `sub@' multiply defined.


LaTeX Warning: Label `' multiply defined.


LaTeX Warning: Label `sub@' multiply defined.


LaTeX Warning: Label `' multiply defined.


LaTeX Warning: Label `sub@' multiply defined.


LaTeX Warning: Label `' multiply defined.


LaTeX Warning: Label `sub@' multiply defined.


LaTeX Warning: Label `' multiply defined.


LaTeX Warning: Label `sub@' multiply defined.


LaTeX Warning: Label `' multiply defined.


LaTeX Warning: Label `sub@' multiply defined.


LaTeX Warning: Label `' multiply defined.


LaTeX Warning: Label `sub@' multiply defined.


LaTeX Warning: Label `' multiply defined.


LaTeX Warning: Label `sub@' multiply defined.


LaTeX Warning: Label `' multiply defined.


LaTeX Warning: Label `sub@' multiply defined.


LaTeX Warning: Label `' multiply defined.


LaTeX Warning: Label `sub@' multiply defined.


LaTeX Warning: Label `' multiply defined.


LaTeX Warning: Label `sub@' multiply defined.


LaTeX Warning: Label `' multiply defined.


LaTeX Warning: Label `sub@' multiply defined.


LaTeX Warning: Label `' multiply defined.


LaTeX Warning: Label `sub@' multiply defined.


LaTeX Warning: Label `' multiply defined.


LaTeX Warning: Label `sub@' multiply defined.


LaTeX Warning: Label `' multiply defined.


LaTeX Warning: Label `sub@' multiply defined.


LaTeX Warning: Label `' multiply defined.


LaTeX Warning: Label `sub@' multiply defined.


LaTeX Warning: Label `' multiply defined.


LaTeX Warning: Label `sub@' multiply defined.


LaTeX Warning: Label `' multiply defined.


LaTeX Warning: Label `sub@' multiply defined.


LaTeX Warning: Label `' multiply defined.


LaTeX Warning: Label `sub@' multiply defined.


LaTeX Warning: Label `' multiply defined.


LaTeX Warning: Label `sub@' multiply defined.


LaTeX Warning: Label `' multiply defined.


LaTeX Warning: Label `sub@' multiply defined.


LaTeX Warning: Label `' multiply defined.


LaTeX Warning: Label `sub@' multiply defined.


LaTeX Warning: Label `' multiply defined.


LaTeX Warning: Label `sub@' multiply defined.


LaTeX Warning: Label `' multiply defined.


LaTeX Warning: Label `sub@' multiply defined.

)
\openout1 = `victorwu.aux'.

LaTeX Font Info:    Checking defaults for OML/cmm/m/it on input line 47.
LaTeX Font Info:    ... okay on input line 47.
LaTeX Font Info:    Checking defaults for T1/cmr/m/n on input line 47.
LaTeX Font Info:    ... okay on input line 47.
LaTeX Font Info:    Checking defaults for OT1/cmr/m/n on input line 47.
LaTeX Font Info:    ... okay on input line 47.
LaTeX Font Info:    Checking defaults for OMS/cmsy/m/n on input line 47.
LaTeX Font Info:    ... okay on input line 47.
LaTeX Font Info:    Checking defaults for OMX/cmex/m/n on input line 47.
LaTeX Font Info:    ... okay on input line 47.
LaTeX Font Info:    Checking defaults for U/cmr/m/n on input line 47.
LaTeX Font Info:    ... okay on input line 47.

Underfull \hbox (badness 10000) has occurred while \output is active
 
 []


Underfull \hbox (badness 10000) has occurred while \output is active
 
 []

[1

]
LaTeX Font Info:    External font `cmex10' loaded for size
(Font)              <10.95> on input line 51.
LaTeX Font Info:    External font `cmex10' loaded for size
(Font)              <8> on input line 51.
LaTeX Font Info:    External font `cmex10' loaded for size
(Font)              <6> on input line 51.

! Misplaced alignment tab character &.
<argument> &
             School of Electrical and Computer Engineering \hfill 
l.51 \begin{preliminary}
                        
? 
! Misplaced alignment tab character &.
<argument> &
             School of Electrical and Computer Engineering \hfill 
l.51 \begin{preliminary}
                        
? 
! Misplaced alignment tab character &.
<argument> &
             School of Electrical and Computer Engineering \hfill 
l.51 \begin{preliminary}
                        
? 
***************** Acknowledgements ******************

Underfull \hbox (badness 10000) has occurred while \output is active
 
 []


Underfull \hbox (badness 10000) has occurred while \output is active
 
 []

[2

] (./victorwu-ack.tex) [3


] (./victorwu.toc [4


])
\tf@toc=\write4
\openout4 = `victorwu.toc'.

 [5] (./victorwu.lot)
\tf@lot=\write5
\openout5 = `victorwu.lot'.

 [6


]
(./victorwu.lof [7


])
\tf@lof=\write6
\openout6 = `victorwu.lof'.

 [8]
***************** Summary ******************
(./victorwu-summary.tex) [9


] (./victorwu-chapter1.tex
CHAPTER I.
[1

] [2] [3]) (./victorwu-chapter2.tex [4]
CHAPTER II.
File: sp_model.eps Graphic file (type eps)
<sp_model.eps> [5

] [6] [7]
Overfull \hbox (0.86078pt too wide) in paragraph at lines 176--178
\OT1/cmr/m/n/10.95 Note that (28[]) is de-fined re-cur-sively. The power con-st
raint for $\OML/cmm/m/it/10.95 p[]$ \OT1/cmr/m/n/10.95 de-pends on $\OML/cmm/m/
it/10.95 p[]; [] ; p[]$\OT1/cmr/m/n/10.95 .
 []

[8] [9]
File: sp_af_cap_m1_TU.eps Graphic file (type eps)
 <sp_af_cap_m1_TU.eps>
File: sp_af_cap_m2_TU.eps Graphic file (type eps)
 <sp_af_cap_m2_TU.eps>
File: sp_af_cap_m3_TU.eps Graphic file (type eps)
 <sp_af_cap_m3_TU.eps>
File: sp_af_cap_m4_TU.eps Graphic file (type eps)

<sp_af_cap_m4_TU.eps>
File: sp_af_cap_m1_HT.eps Graphic file (type eps)
 <sp_af_cap_m1_HT.eps>
File: sp_af_cap_m2_HT.eps Graphic file (type eps)
 <sp_af_cap_m2_HT.eps>
File: sp_af_cap_m3_HT.eps Graphic file (type eps)

<sp_af_cap_m3_HT.eps>
File: sp_af_cap_m4_HT.eps Graphic file (type eps)
 <sp_af_cap_m4_HT.eps> [10] [11] [12]
File: conv_enc.eps Graphic file (type eps)
 <conv_enc.eps>
[13]
File: sp_af_ber_m1_TU.eps Graphic file (type eps)
 <sp_af_ber_m1_TU.eps>
File: sp_af_ber_m2_TU.eps Graphic file (type eps)
 <sp_af_ber_m2_TU.eps>
File: sp_af_ber_m3_TU.eps Graphic file (type eps)
 <sp_af_ber_m3_TU.eps>
File: sp_af_ber_m4_TU.eps Graphic file (type eps)

<sp_af_ber_m4_TU.eps>
File: sp_af_wer_m1_TU.eps Graphic file (type eps)
 <sp_af_wer_m1_TU.eps>
File: sp_af_wer_m2_TU.eps Graphic file (type eps)
 <sp_af_wer_m2_TU.eps>
File: sp_af_wer_m3_TU.eps Graphic file (type eps)

<sp_af_wer_m3_TU.eps>
File: sp_af_wer_m4_TU.eps Graphic file (type eps)
 <sp_af_wer_m4_TU.eps>
File: sp_af_ber_m1_HT.eps Graphic file (type eps)
 <sp_af_ber_m1_HT.eps>
File: sp_af_ber_m2_HT.eps Graphic file (type eps)

<sp_af_ber_m2_HT.eps>
File: sp_af_ber_m3_HT.eps Graphic file (type eps)
 <sp_af_ber_m3_HT.eps>
File: sp_af_ber_m4_HT.eps Graphic file (type eps)
 <sp_af_ber_m4_HT.eps>
File: sp_af_wer_m1_HT.eps Graphic file (type eps)

<sp_af_wer_m1_HT.eps>
File: sp_af_wer_m2_HT.eps Graphic file (type eps)
 <sp_af_wer_m2_HT.eps>
File: sp_af_wer_m3_HT.eps Graphic file (type eps)
 <sp_af_wer_m3_HT.eps>
File: sp_af_wer_m4_HT.eps Graphic file (type eps)

<sp_af_wer_m4_HT.eps> [14] [15] [16] [17] [18]
File: sp_df_ber_m1_TU.eps Graphic file (type eps)
 <sp_df_ber_m1_TU.eps>
File: sp_df_ber_m2_TU.eps Graphic file (type eps)

<sp_df_ber_m2_TU.eps>
File: sp_df_ber_m3_TU.eps Graphic file (type eps)
 <sp_df_ber_m3_TU.eps>
File: sp_df_ber_m4_TU.eps Graphic file (type eps)
 <sp_df_ber_m4_TU.eps>
File: sp_df_wer_m1_TU.eps Graphic file (type eps)

<sp_df_wer_m1_TU.eps>
File: sp_df_wer_m2_TU.eps Graphic file (type eps)
 <sp_df_wer_m2_TU.eps>
File: sp_df_wer_m3_TU.eps Graphic file (type eps)
 <sp_df_wer_m3_TU.eps>
File: sp_df_wer_m4_TU.eps Graphic file (type eps)

<sp_df_wer_m4_TU.eps>
File: sp_df_ber_m1_HT.eps Graphic file (type eps)
 <sp_df_ber_m1_HT.eps>
File: sp_df_ber_m2_HT.eps Graphic file (type eps)
 <sp_df_ber_m2_HT.eps>
File: sp_df_ber_m3_HT.eps Graphic file (type eps)

<sp_df_ber_m3_HT.eps>
File: sp_df_ber_m4_HT.eps Graphic file (type eps)
 <sp_df_ber_m4_HT.eps>
File: sp_df_wer_m1_HT.eps Graphic file (type eps)
 <sp_df_wer_m1_HT.eps>
File: sp_df_wer_m2_HT.eps Graphic file (type eps)

<sp_df_wer_m2_HT.eps>
File: sp_df_wer_m3_HT.eps Graphic file (type eps)
 <sp_df_wer_m3_HT.eps>
File: sp_df_wer_m4_HT.eps Graphic file (type eps)
 <sp_df_wer_m4_HT.eps> [19] [20]
[21] [22]
File: sp_af_df_ber_m1_TU.eps Graphic file (type eps)
 <sp_af_df_ber_m1_TU.eps>
File: sp_af_df_ber_m2_TU.eps Graphic file (type eps)
 <sp_af_df_ber_m2_TU.eps>
File: sp_af_df_ber_m3_TU.eps Graphic file (type eps)

<sp_af_df_ber_m3_TU.eps>
File: sp_af_df_ber_m4_TU.eps Graphic file (type eps)
 <sp_af_df_ber_m4_TU.eps>
File: sp_af_df_wer_m1_TU.eps Graphic file (type eps)
 <sp_af_df_wer_m1_TU.eps>
File: sp_af_df_wer_m2_TU.eps Graphic file (type eps)

<sp_af_df_wer_m2_TU.eps>
File: sp_af_df_wer_m3_TU.eps Graphic file (type eps)
 <sp_af_df_wer_m3_TU.eps>
File: sp_af_df_wer_m4_TU.eps Graphic file (type eps)
 <sp_af_df_wer_m4_TU.eps>
File: sp_af_df_ber_m1_HT.eps Graphic file (type eps)

<sp_af_df_ber_m1_HT.eps>
File: sp_af_df_ber_m2_HT.eps Graphic file (type eps)
 <sp_af_df_ber_m2_HT.eps>
File: sp_af_df_ber_m3_HT.eps Graphic file (type eps)
 <sp_af_df_ber_m3_HT.eps>
File: sp_af_df_ber_m4_HT.eps Graphic file (type eps)

<sp_af_df_ber_m4_HT.eps>
File: sp_af_df_wer_m1_HT.eps Graphic file (type eps)
 <sp_af_df_wer_m1_HT.eps>
File: sp_af_df_wer_m2_HT.eps Graphic file (type eps)
 <sp_af_df_wer_m2_HT.eps>
File: sp_af_df_wer_m3_HT.eps Graphic file (type eps)

<sp_af_df_wer_m3_HT.eps>
File: sp_af_df_wer_m4_HT.eps Graphic file (type eps)
 <sp_af_df_wer_m4_HT.eps>) (./victorwu-chapter3.tex
[23] [24] [25] [26]
CHAPTER III.
File: mp_model.eps Graphic file (type eps)
<mp_model.eps> [27

] [28] [29] [30] [31] [32]
File: mp_af_cap_m1_TU.eps Graphic file (type eps)
 <mp_af_cap_m1_TU.eps>
File: mp_af_cap_m2_TU.eps Graphic file (type eps)

<mp_af_cap_m2_TU.eps>
File: mp_af_cap_m3_TU.eps Graphic file (type eps)
 <mp_af_cap_m3_TU.eps>
File: mp_af_cap_m4_TU.eps Graphic file (type eps)
 <mp_af_cap_m4_TU.eps>
File: mp_af_cap_m1_HT.eps Graphic file (type eps)

<mp_af_cap_m1_HT.eps>
File: mp_af_cap_m2_HT.eps Graphic file (type eps)
 <mp_af_cap_m2_HT.eps>
File: mp_af_cap_m3_HT.eps Graphic file (type eps)
 <mp_af_cap_m3_HT.eps>
File: mp_af_cap_m4_HT.eps Graphic file (type eps)

<mp_af_cap_m4_HT.eps> [33] [34] [35]
File: mp_af_ber_m1_TU.eps Graphic file (type eps)
 <mp_af_ber_m1_TU.eps>
File: mp_af_ber_m2_TU.eps Graphic file (type eps)

<mp_af_ber_m2_TU.eps>
File: mp_af_ber_m3_TU.eps Graphic file (type eps)
 <mp_af_ber_m3_TU.eps>
File: mp_af_ber_m4_TU.eps Graphic file (type eps)
 <mp_af_ber_m4_TU.eps>
File: mp_af_wer_m1_TU.eps Graphic file (type eps)

<mp_af_wer_m1_TU.eps>
File: mp_af_wer_m2_TU.eps Graphic file (type eps)
 <mp_af_wer_m2_TU.eps>
File: mp_af_wer_m3_TU.eps Graphic file (type eps)
 <mp_af_wer_m3_TU.eps>
File: mp_af_wer_m4_TU.eps Graphic file (type eps)

<mp_af_wer_m4_TU.eps>
File: mp_af_ber_m1_HT.eps Graphic file (type eps)
 <mp_af_ber_m1_HT.eps>
File: mp_af_ber_m2_HT.eps Graphic file (type eps)
 <mp_af_ber_m2_HT.eps>
File: mp_af_ber_m3_HT.eps Graphic file (type eps)

<mp_af_ber_m3_HT.eps>
File: mp_af_ber_m4_HT.eps Graphic file (type eps)
 <mp_af_ber_m4_HT.eps>
File: mp_af_wer_m1_HT.eps Graphic file (type eps)
 <mp_af_wer_m1_HT.eps>
File: mp_af_wer_m2_HT.eps Graphic file (type eps)

<mp_af_wer_m2_HT.eps>
File: mp_af_wer_m3_HT.eps Graphic file (type eps)
 <mp_af_wer_m3_HT.eps>
File: mp_af_wer_m4_HT.eps Graphic file (type eps)
 <mp_af_wer_m4_HT.eps> [36] [37]
[38] [39] [40]
File: mp_df_ber_m1_TU.eps Graphic file (type eps)
 <mp_df_ber_m1_TU.eps>
File: mp_df_ber_m2_TU.eps Graphic file (type eps)
 <mp_df_ber_m2_TU.eps>
File: mp_df_ber_m3_TU.eps Graphic file (type eps)

<mp_df_ber_m3_TU.eps>
File: mp_df_ber_m4_TU.eps Graphic file (type eps)
 <mp_df_ber_m4_TU.eps>
File: mp_df_wer_m1_TU.eps Graphic file (type eps)
 <mp_df_wer_m1_TU.eps>
File: mp_df_wer_m2_TU.eps Graphic file (type eps)

<mp_df_wer_m2_TU.eps>
File: mp_df_wer_m3_TU.eps Graphic file (type eps)
 <mp_df_wer_m3_TU.eps>
File: mp_df_wer_m4_TU.eps Graphic file (type eps)
 <mp_df_wer_m4_TU.eps>
File: mp_df_ber_m1_HT.eps Graphic file (type eps)

<mp_df_ber_m1_HT.eps>
File: mp_df_ber_m2_HT.eps Graphic file (type eps)
 <mp_df_ber_m2_HT.eps>
File: mp_df_ber_m3_HT.eps Graphic file (type eps)
 <mp_df_ber_m3_HT.eps>
File: mp_df_ber_m4_HT.eps Graphic file (type eps)

<mp_df_ber_m4_HT.eps>
File: mp_df_wer_m1_HT.eps Graphic file (type eps)
 <mp_df_wer_m1_HT.eps>
File: mp_df_wer_m2_HT.eps Graphic file (type eps)
 <mp_df_wer_m2_HT.eps>
File: mp_df_wer_m3_HT.eps Graphic file (type eps)

<mp_df_wer_m3_HT.eps>
File: mp_df_wer_m4_HT.eps Graphic file (type eps)
 <mp_df_wer_m4_HT.eps> [41] [42] [43] [44]
File: mp_af_df_ber_m1_TU.eps Graphic file (type eps)

<mp_af_df_ber_m1_TU.eps>
File: mp_af_df_ber_m2_TU.eps Graphic file (type eps)
 <mp_af_df_ber_m2_TU.eps>
File: mp_af_df_ber_m3_TU.eps Graphic file (type eps)
 <mp_af_df_ber_m3_TU.eps>
File: mp_af_df_ber_m4_TU.eps Graphic file (type eps)

<mp_af_df_ber_m4_TU.eps>
File: mp_af_df_wer_m1_TU.eps Graphic file (type eps)
 <mp_af_df_wer_m1_TU.eps>
File: mp_af_df_wer_m2_TU.eps Graphic file (type eps)
 <mp_af_df_wer_m2_TU.eps>
File: mp_af_df_wer_m3_TU.eps Graphic file (type eps)

<mp_af_df_wer_m3_TU.eps>
File: mp_af_df_wer_m4_TU.eps Graphic file (type eps)
 <mp_af_df_wer_m4_TU.eps>
File: mp_af_df_ber_m1_HT.eps Graphic file (type eps)
 <mp_af_df_ber_m1_HT.eps>
File: mp_af_df_ber_m2_HT.eps Graphic file (type eps)

<mp_af_df_ber_m2_HT.eps>
File: mp_af_df_ber_m3_HT.eps Graphic file (type eps)
 <mp_af_df_ber_m3_HT.eps>
File: mp_af_df_ber_m4_HT.eps Graphic file (type eps)
 <mp_af_df_ber_m4_HT.eps>
File: mp_af_df_wer_m1_HT.eps Graphic file (type eps)

<mp_af_df_wer_m1_HT.eps>
File: mp_af_df_wer_m2_HT.eps Graphic file (type eps)
 <mp_af_df_wer_m2_HT.eps>
File: mp_af_df_wer_m3_HT.eps Graphic file (type eps)
 <mp_af_df_wer_m3_HT.eps>
File: mp_af_df_wer_m4_HT.eps Graphic file (type eps)

<mp_af_df_wer_m4_HT.eps>) (./victorwu-chapter4.tex [45] [46] [47] [48]
CHAPTER IV.
[49

])
***************** References ******************
[50] [51] (./victorwu.bbl) [52


] (./victorwu.aux)

LaTeX Warning: There were multiply-defined labels.

 ) 
Here is how much of TeX's memory you used:
 1603 strings out of 95126
 23355 string characters out of 1182993
 2071635 words of memory out of 4526388
 4646 multiletter control sequences out of 10000+50000
 10124 words of font info for 35 fonts, out of 2000000 for 2000
 58 hyphenation exceptions out of 5000
 27i,24n,24p,2094b,318s stack positions out of 5000i,500n,6000p,200000b,40000s

Output written on victorwu.dvi (61 pages, 226908 bytes).
